{"name": "Home page - smoke test on Firefox Browser", "status": "broken", "statusDetails": {"message": "selenium.common.exceptions.ElementNotInteractableException: Message: Element <input id=\"mat-input-1\" class=\"mat-input-element mat-form-field-autofill-control password-field ng-untouched ng-pristine ng-valid cdk-text-field-autofill-monitored\" type=\"password\"> is not reachable by keyboard\nStacktrace:\nRemoteError@chrome://remote/content/shared/RemoteError.sys.mjs:8:8\nWebDriverError@chrome://remote/content/shared/webdriver/Errors.sys.mjs:189:5\nElementNotInteractableError@chrome://remote/content/shared/webdriver/Errors.sys.mjs:349:5\nwebdriverSendKeysToElement@chrome://remote/content/marionette/interaction.sys.mjs:629:13\ninteraction.sendKeysToElement@chrome://remote/content/marionette/interaction.sys.mjs:603:11\nsendKeysToElement@chrome://remote/content/marionette/actors/MarionetteCommandsChild.sys.mjs:533:29\nreceiveMessage@chrome://remote/content/marionette/actors/MarionetteCommandsChild.sys.mjs:150:31", "trace": "self = <tests.fususone_tests.test_homepage.TestHomePage object at 0x00000263A6EE8820>\n\n    @allure.title(\"Home page - smoke test on Firefox Browser\")\n    @allure.description(\"Check if home page of fususone has correct title on Firefox Browser\")\n    def test_homepage_title_firefox(self):\n        config = {\n            \"browser\": \"firefox\",\n            \"headless_mode\": False,\n            \"base_url\": \"https://fususone.com/\",\n            \"timeout\": 20\n        }\n        driver = DriverFactory.get_driver(config)\n        driver.implicitly_wait(config[\"timeout\"])\n        driver.maximize_window()\n        homepage = HomePage(driver)\n        homepage.open()\n        homepage.enterEmailAndNext()\n        homepage.loginClick()\n>       homepage.enterPass()\n\ntest_homepage.py:46: \n_ _ _ _ _ _ _ _ _ _ _ _ _ _ _ _ _ _ _ _ _ _ _ _ _ _ _ _ _ _ _ _ _ _ _ _ _ _ _ _ _ _ _ _ _ _ _ _ _ _ _ _ _ _ _ _ _ _ _ _ _ _ _ _ _ _ _ _ _ _ _ _ _ _ _ _ _ _ _ _ _ \n..\\..\\base\\page_base.py:20: in enterPass\n    self.driver.find_element(*fususLogin.passwd).send_keys(\"test123\")\nC:\\Users\\alienware\\Desktop\\selenium-python-framework-master\\venv\\lib\\site-packages\\selenium\\webdriver\\support\\event_firing_webdriver.py:185: in send_keys\n    self._dispatch(\"change_value_of\", (self._webelement, self._driver), \"send_keys\", value)\nC:\\Users\\alienware\\Desktop\\selenium-python-framework-master\\venv\\lib\\site-packages\\selenium\\webdriver\\support\\event_firing_webdriver.py:196: in _dispatch\n    result = getattr(self._webelement, d_call)(*d_args)\nC:\\Users\\alienware\\Desktop\\selenium-python-framework-master\\venv\\lib\\site-packages\\selenium\\webdriver\\remote\\webelement.py:230: in send_keys\n    self._execute(\nC:\\Users\\alienware\\Desktop\\selenium-python-framework-master\\venv\\lib\\site-packages\\selenium\\webdriver\\remote\\webelement.py:394: in _execute\n    return self._parent.execute(command, params)\nC:\\Users\\alienware\\Desktop\\selenium-python-framework-master\\venv\\lib\\site-packages\\selenium\\webdriver\\remote\\webdriver.py:347: in execute\n    self.error_handler.check_response(response)\n_ _ _ _ _ _ _ _ _ _ _ _ _ _ _ _ _ _ _ _ _ _ _ _ _ _ _ _ _ _ _ _ _ _ _ _ _ _ _ _ _ _ _ _ _ _ _ _ _ _ _ _ _ _ _ _ _ _ _ _ _ _ _ _ _ _ _ _ _ _ _ _ _ _ _ _ _ _ _ _ _ \n\nself = <selenium.webdriver.remote.errorhandler.ErrorHandler object at 0x00000263A6F188B0>\nresponse = {'status': 400, 'value': '{\"value\":{\"error\":\"element not interactable\",\"message\":\"Element <input id=\\\\\"mat-input-1\\\\\" ...ys.mjs:533:29\\\\nreceiveMessage@chrome://remote/content/marionette/actors/MarionetteCommandsChild.sys.mjs:150:31\\\\n\"}}'}\n\n    def check_response(self, response: Dict[str, Any]) -> None:\n        \"\"\"Checks that a JSON response from the WebDriver does not have an\n        error.\n    \n        :Args:\n         - response - The JSON response from the WebDriver server as a dictionary\n           object.\n    \n        :Raises: If the response contains an error message.\n        \"\"\"\n        status = response.get(\"status\", None)\n        if not status or status == ErrorCode.SUCCESS:\n            return\n        value = None\n        message = response.get(\"message\", \"\")\n        screen: str = response.get(\"screen\", \"\")\n        stacktrace = None\n        if isinstance(status, int):\n            value_json = response.get(\"value\", None)\n            if value_json and isinstance(value_json, str):\n                import json\n    \n                try:\n                    value = json.loads(value_json)\n                    if len(value) == 1:\n                        value = value[\"value\"]\n                    status = value.get(\"error\", None)\n                    if not status:\n                        status = value.get(\"status\", ErrorCode.UNKNOWN_ERROR)\n                        message = value.get(\"value\") or value.get(\"message\")\n                        if not isinstance(message, str):\n                            value = message\n                            message = message.get(\"message\")\n                    else:\n                        message = value.get(\"message\", None)\n                except ValueError:\n                    pass\n    \n        exception_class: Type[WebDriverException]\n        e = ErrorCode()\n        error_codes = [item for item in dir(e) if not item.startswith(\"__\")]\n        for error_code in error_codes:\n            error_info = getattr(ErrorCode, error_code)\n            if isinstance(error_info, list) and status in error_info:\n                exception_class = getattr(ExceptionMapping, error_code, WebDriverException)\n                break\n        else:\n            exception_class = WebDriverException\n    \n        if not value:\n            value = response[\"value\"]\n        if isinstance(value, str):\n            raise exception_class(value)\n        if message == \"\" and \"message\" in value:\n            message = value[\"message\"]\n    \n        screen = None  # type: ignore[assignment]\n        if \"screen\" in value:\n            screen = value[\"screen\"]\n    \n        stacktrace = None\n        st_value = value.get(\"stackTrace\") or value.get(\"stacktrace\")\n        if st_value:\n            if isinstance(st_value, str):\n                stacktrace = st_value.split(\"\\n\")\n            else:\n                stacktrace = []\n                try:\n                    for frame in st_value:\n                        line = frame.get(\"lineNumber\", \"\")\n                        file = frame.get(\"fileName\", \"<anonymous>\")\n                        if line:\n                            file = f\"{file}:{line}\"\n                        meth = frame.get(\"methodName\", \"<anonymous>\")\n                        if \"className\" in frame:\n                            meth = f\"{frame['className']}.{meth}\"\n                        msg = \"    at %s (%s)\"\n                        msg = msg % (meth, file)\n                        stacktrace.append(msg)\n                except TypeError:\n                    pass\n        if exception_class == UnexpectedAlertPresentException:\n            alert_text = None\n            if \"data\" in value:\n                alert_text = value[\"data\"].get(\"text\")\n            elif \"alert\" in value:\n                alert_text = value[\"alert\"].get(\"text\")\n            raise exception_class(message, screen, stacktrace, alert_text)  # type: ignore[call-arg]  # mypy is not smart enough here\n>       raise exception_class(message, screen, stacktrace)\nE       selenium.common.exceptions.ElementNotInteractableException: Message: Element <input id=\"mat-input-1\" class=\"mat-input-element mat-form-field-autofill-control password-field ng-untouched ng-pristine ng-valid cdk-text-field-autofill-monitored\" type=\"password\"> is not reachable by keyboard\nE       Stacktrace:\nE       RemoteError@chrome://remote/content/shared/RemoteError.sys.mjs:8:8\nE       WebDriverError@chrome://remote/content/shared/webdriver/Errors.sys.mjs:189:5\nE       ElementNotInteractableError@chrome://remote/content/shared/webdriver/Errors.sys.mjs:349:5\nE       webdriverSendKeysToElement@chrome://remote/content/marionette/interaction.sys.mjs:629:13\nE       interaction.sendKeysToElement@chrome://remote/content/marionette/interaction.sys.mjs:603:11\nE       sendKeysToElement@chrome://remote/content/marionette/actors/MarionetteCommandsChild.sys.mjs:533:29\nE       receiveMessage@chrome://remote/content/marionette/actors/MarionetteCommandsChild.sys.mjs:150:31\n\nC:\\Users\\alienware\\Desktop\\selenium-python-framework-master\\venv\\lib\\site-packages\\selenium\\webdriver\\remote\\errorhandler.py:229: ElementNotInteractableException"}, "description": "Check if home page of fususone has correct title on Firefox Browser", "steps": [{"name": "Opening main page", "status": "passed", "start": 1699972436294, "stop": 1699972438755}, {"name": "Enter email and click Next", "status": "passed", "start": 1699972438755, "stop": 1699972441328}, {"name": "click login", "status": "passed", "start": 1699972441328, "stop": 1699972441605}, {"name": "Enter password", "status": "broken", "statusDetails": {"message": "selenium.common.exceptions.ElementNotInteractableException: Message: Element <input id=\"mat-input-1\" class=\"mat-input-element mat-form-field-autofill-control password-field ng-untouched ng-pristine ng-valid cdk-text-field-autofill-monitored\" type=\"password\"> is not reachable by keyboard\nStacktrace:\nRemoteError@chrome://remote/content/shared/RemoteError.sys.mjs:8:8\nWebDriverError@chrome://remote/content/shared/webdriver/Errors.sys.mjs:189:5\nElementNotInteractableError@chrome://remote/content/shared/webdriver/Errors.sys.mjs:349:5\nwebdriverSendKeysToElement@chrome://remote/content/marionette/interaction.sys.mjs:629:13\ninteraction.sendKeysToElement@chrome://remote/content/marionette/interaction.sys.mjs:603:11\nsendKeysToElement@chrome://remote/content/marionette/actors/MarionetteCommandsChild.sys.mjs:533:29\nreceiveMessage@chrome://remote/content/marionette/actors/MarionetteCommandsChild.sys.mjs:150:31\n\n", "trace": "  File \"C:\\Users\\alienware\\Desktop\\selenium-python-framework-master\\venv\\lib\\site-packages\\allure_commons\\_allure.py\", line 192, in impl\n    return func(*a, **kw)\n  File \"E:\\selenium-python-framework-master\\base\\page_base.py\", line 20, in enterPass\n    self.driver.find_element(*fususLogin.passwd).send_keys(\"test123\")\n  File \"C:\\Users\\alienware\\Desktop\\selenium-python-framework-master\\venv\\lib\\site-packages\\selenium\\webdriver\\support\\event_firing_webdriver.py\", line 185, in send_keys\n    self._dispatch(\"change_value_of\", (self._webelement, self._driver), \"send_keys\", value)\n  File \"C:\\Users\\alienware\\Desktop\\selenium-python-framework-master\\venv\\lib\\site-packages\\selenium\\webdriver\\support\\event_firing_webdriver.py\", line 196, in _dispatch\n    result = getattr(self._webelement, d_call)(*d_args)\n  File \"C:\\Users\\alienware\\Desktop\\selenium-python-framework-master\\venv\\lib\\site-packages\\selenium\\webdriver\\remote\\webelement.py\", line 230, in send_keys\n    self._execute(\n  File \"C:\\Users\\alienware\\Desktop\\selenium-python-framework-master\\venv\\lib\\site-packages\\selenium\\webdriver\\remote\\webelement.py\", line 394, in _execute\n    return self._parent.execute(command, params)\n  File \"C:\\Users\\alienware\\Desktop\\selenium-python-framework-master\\venv\\lib\\site-packages\\selenium\\webdriver\\remote\\webdriver.py\", line 347, in execute\n    self.error_handler.check_response(response)\n  File \"C:\\Users\\alienware\\Desktop\\selenium-python-framework-master\\venv\\lib\\site-packages\\selenium\\webdriver\\remote\\errorhandler.py\", line 229, in check_response\n    raise exception_class(message, screen, stacktrace)\n"}, "start": 1699972441605, "stop": 1699972441626}], "attachments": [{"name": "log", "source": "ae87f97f-ac2a-4193-bb9a-f79760d98352-attachment.txt", "type": "text/plain"}], "start": 1699972429585, "stop": 1699972441628, "uuid": "cc4e308a-31c5-4c79-b687-7d009abe9722", "historyId": "36e7179b3e5fbf13c91c3b8d88a5bd1c", "testCaseId": "36e7179b3e5fbf13c91c3b8d88a5bd1c", "fullName": "tests.fususone_tests.test_homepage.TestHomePage#test_homepage_title_firefox", "labels": [{"name": "parentSuite", "value": "tests.fususone_tests"}, {"name": "suite", "value": "test_homepage"}, {"name": "subSuite", "value": "TestHomePage"}, {"name": "host", "value": "DESKTOP-UQ50ARN"}, {"name": "thread", "value": "5964-MainThread"}, {"name": "framework", "value": "pytest"}, {"name": "language", "value": "cpython3"}, {"name": "package", "value": "tests.fususone_tests.test_homepage"}]}